<?xml version="1.0" encoding="UTF-8"?>
<!-- Generated by org.testng.reporters.JUnitReportReporter -->
<testsuite hostname="LAPTOP-MDVV23RL" failures="0" tests="1" name="ictacademyofficial.Pages.usrAdminCourses" time="4.485" errors="0" timestamp="2022-03-01T23:07:54 IST" skipped="0">
  <testcase classname="ictacademyofficial.Pages.usrAdminCourses" name="courses" time="4.485"/>
  <system-out/>
</testsuite> <!-- ictacademyofficial.Pages.usrAdminCourses -->
