<?xml version="1.0" encoding="UTF-8"?>
<!-- Generated by org.testng.reporters.JUnitReportReporter -->
<testsuite hostname="LAPTOP-BUBUADKA" failures="0" tests="2" name="frontSection.Pages.HomePage" time="7.023" errors="0" timestamp="2022-03-03T20:28:41 IST" skipped="0">
  <testcase classname="frontSection.Pages.HomePage" name="testCareersButton" time="3.570"/>
  <system-out/>
  <testcase classname="frontSection.Pages.HomePage" name="_testKnowMoreButton" time="3.453"/>
  <system-out/>
</testsuite> <!-- frontSection.Pages.HomePage -->
