<?xml version="1.0" encoding="UTF-8"?>
<!-- Generated by org.testng.reporters.JUnitReportReporter -->
<testsuite hostname="LAPTOP-MDVV23RL" failures="0" tests="1" name="adminSection.Pages.SuperAdminCourses" time="4.742" errors="0" timestamp="2022-03-02T11:33:24 IST" skipped="0">
  <testcase classname="adminSection.Pages.SuperAdminCourses" name="courses" time="4.742"/>
  <system-out/>
</testsuite> <!-- adminSection.Pages.SuperAdminCourses -->
