<?xml version="1.0" encoding="UTF-8"?>
<!-- Generated by org.testng.reporters.JUnitReportReporter -->
<testsuite hostname="LAPTOP-BUBUADKA" failures="0" tests="2" name="adminSection.Pages.SuperAdminCourses" time="5.372" errors="0" timestamp="2022-03-02T19:21:20 IST" skipped="0">
  <testcase classname="adminSection.Pages.SuperAdminCourses" name="courses" time="5.162"/>
  <system-out/>
  <testcase classname="adminSection.Pages.SuperAdminCourses" name="search" time="0.210"/>
  <system-out/>
</testsuite> <!-- adminSection.Pages.SuperAdminCourses -->
