<?xml version="1.0" encoding="UTF-8"?>
<!-- Generated by org.testng.reporters.JUnitReportReporter -->
<testsuite hostname="LAPTOP-MDVV23RL" failures="0" tests="1" name="com.ictacademyofficial.scripts.UserLogin" time="0.745" errors="0" timestamp="2022-02-28T12:42:06 IST" skipped="0">
  <testcase classname="com.ictacademyofficial.scripts.UserLogin" name="login" time="0.745"/>
  <system-out/>
</testsuite> <!-- com.ictacademyofficial.scripts.UserLogin -->
