<?xml version="1.0" encoding="UTF-8"?>
<!-- Generated by org.testng.reporters.JUnitReportReporter -->
<testsuite hostname="LAPTOP-MDVV23RL" failures="0" tests="1" name="adminSection.Pages.SuperAdminCourses" time="4.420" errors="0" timestamp="2022-03-01T23:22:14 IST" skipped="0">
  <testcase classname="adminSection.Pages.SuperAdminCourses" name="courses" time="4.420"/>
  <system-out/>
</testsuite> <!-- adminSection.Pages.SuperAdminCourses -->
