<?xml version="1.0" encoding="UTF-8"?>
<!-- Generated by org.testng.reporters.JUnitReportReporter -->
<testsuite hostname="LAPTOP-MDVV23RL" failures="0" tests="1" name="com.ictacademyofficial.pages.usrAdminCourses" time="10.422" errors="0" timestamp="2022-02-25T16:22:30 IST" skipped="0">
  <testcase classname="com.ictacademyofficial.pages.usrAdminCourses" name="courses" time="10.422"/>
  <system-out/>
</testsuite> <!-- com.ictacademyofficial.pages.usrAdminCourses -->
