<?xml version="1.0" encoding="UTF-8"?>
<!-- Generated by org.testng.reporters.JUnitReportReporter -->
<testsuite hostname="LAPTOP-MDVV23RL" failures="0" tests="3" name="com.ictacademyofficial.pages.usrAdminDashboard" time="4.403" errors="0" timestamp="2022-02-28T21:19:06 IST" skipped="0">
  <testcase classname="com.ictacademyofficial.pages.usrAdminDashboard" name="Dashboard" time="3.143"/>
  <system-out/>
  <testcase classname="com.ictacademyofficial.pages.usrAdminDashboard" name="addTask" time="1.179"/>
  <system-out/>
  <testcase classname="com.ictacademyofficial.pages.usrAdminDashboard" name="pieChart" time="0.081"/>
  <system-out/>
</testsuite> <!-- com.ictacademyofficial.pages.usrAdminDashboard -->
