<?xml version="1.0" encoding="UTF-8"?>
<!-- Generated by org.testng.reporters.JUnitReportReporter -->
<testsuite hostname="LAPTOP-MDVV23RL" failures="0" tests="2" name="adminSection.Pages.SuperAdminCourses" time="6.461" errors="0" timestamp="2022-03-02T14:41:27 IST" skipped="0">
  <testcase classname="adminSection.Pages.SuperAdminCourses" name="courses" time="6.249"/>
  <system-out/>
  <testcase classname="adminSection.Pages.SuperAdminCourses" name="search" time="0.212"/>
  <system-out/>
</testsuite> <!-- adminSection.Pages.SuperAdminCourses -->
